=== 백업 도구 설치 스크립트 ===


[0;34m=== 백업 도구 패키지 다운로드 (온라인 모드) ===[0m
[0;34mℹ[0m 패키지 다운로드를 시작합니다...
[0;34mℹ[0m APT 데이터베이스 업데이트 중...
[0;34mℹ[0m 필수 패키지 다운로드 중...

[0;34mℹ[0m 자동 모드: 네트워크 도구 자동 포함 (RAID/LVM 제외)
다운로드 중: rsync ... ✓
다운로드 중: pigz ... ✓
다운로드 중: pv ... ✓
다운로드 중: attr ... ✓
다운로드 중: acl ... ✓
다운로드 중: jq ... ✓
다운로드 중: bc ... ✓
다운로드 중: iproute2 ... ✓
다운로드 중: net-tools ... ✓
다운로드 중: iptables ... ✓

[0;32m✓[0m 다운로드 완료: 39개 패키지
[0;34mℹ[0m 백업 도구 아카이브 생성 중...
[0;32m✓[0m 아카이브 생성 완료: backup_tools.tar.gz (7.6M)

[0;34mℹ[0m 다음 단계:
1. backup_tools.tar.gz 파일을 오프라인 PC로 복사
2. 오프라인 PC에서 실행: ./setup_backup_tools.sh --install
